<?xml version="1.0" encoding="UTF-8"?>
<testsuite xmlns:xsi="http://www.w3.org/2001/XMLSchema-instance" xsi:noNamespaceSchemaLocation="https://maven.apache.org/surefire/maven-surefire-plugin/xsd/surefire-test-report.xsd" name="it.polimi.ingsw.Model.SoloMode.LorenzoIlMagnificoTest" time="0.01" tests="2" errors="0" skipped="0" failures="0">
  <properties>
[...]
</properties>
  <testcase name="moveBlackCross" classname="it.polimi.ingsw.Model.SoloMode.LorenzoIlMagnificoTest" time="0.003"/>
  <testcase name="moveAndShuffle" classname="it.polimi.ingsw.Model.SoloMode.LorenzoIlMagnificoTest" time="0.006"/>
</testsuite>